<?xml version="1.0" encoding="UTF-8"?>
<!-- Generated by org.testng.reporters.JUnitReportReporter -->
<testsuite hostname="DESKTOP-H6A2BLV" name="basics.Mavendemo" tests="2" failures="0" timestamp="17 Feb 2019 06:13:45 GMT" time="0.029" errors="0">
  <testcase name="Print" time="0.026" classname="basics.Mavendemo"/>
  <testcase name="sum" time="0.003" classname="basics.Mavendemo"/>
</testsuite> <!-- basics.Mavendemo -->
