<?xml version="1.0" encoding="UTF-8"?>
<!-- Generated by org.testng.reporters.JUnitReportReporter -->
<testsuite hostname="DESKTOP-H6A2BLV" name="BDDframework.BDDframework.Mavendemo1" tests="2" failures="0" timestamp="17 Feb 2019 11:11:33 GMT" time="0.007" errors="0">
  <testcase name="sum" time="0.004" classname="BDDframework.BDDframework.Mavendemo1"/>
  <testcase name="Print" time="0.003" classname="BDDframework.BDDframework.Mavendemo1"/>
</testsuite> <!-- BDDframework.BDDframework.Mavendemo1 -->
